<?xml version="1.0" encoding="UTF-8"?>
<testsuite xmlns:xsi="http://www.w3.org/2001/XMLSchema-instance" xsi:noNamespaceSchemaLocation="https://maven.apache.org/surefire/maven-surefire-plugin/xsd/surefire-test-report.xsd" version="3.0.2" name="com.bank.configserver.ConfigServerApplicationTests" time="19.126" tests="3" errors="0" skipped="0" failures="0">
  <properties>
[...]
</properties>
  <testcase name="servesMongoUriForEveryService" classname="com.bank.configserver.ConfigServerApplicationTests" time="4.408">
    <system-out><![CDATA[10:41:13.935 [main] INFO org.springframework.test.context.support.AnnotationConfigContextLoaderUtils -- Could not detect default configuration classes for test class [com.bank.configserver.ConfigServerApplicationTests]: ConfigServerApplicationTests does not declare any static, non-private, non-final, nested classes annotated with @Configuration.
10:41:14.200 [main] INFO org.springframework.boot.test.context.SpringBootTestContextBootstrapper -- Found @SpringBootConfiguration com.bank.configserver.ConfigServerApplication for test class com.bank.configserver.ConfigServerApplicationTests

  .   ____          _            __ _ _
 /\\ / ___'_ __ _ _(_)_ __  __ _ \ \ \ \
( ( )\___ | '_ | '_| | '_ \/ _` | \ \ \ \
 \\/  ___)| |_)| | | | | || (_| |  ) ) ) )
  '  |____| .__|_| |_|_| |_\__, | / / / /
 =========|_|==============|___/=/_/_/_/

 :: Spring Boot ::                (v3.4.1)

2026-09-14T10:41:16.285-05:00  INFO 27888 --- [config-server] [           main] c.b.c.ConfigServerApplicationTests       : Starting ConfigServerApplicationTests using Java 21.0.12.1 with PID 27888 (started by jobenite in C:\Workspace\mcs-bank-test\config-server)
2026-09-14T10:41:16.289-05:00  INFO 27888 --- [config-server] [           main] c.b.c.ConfigServerApplicationTests       : The following 1 profile is active: "native"
2026-09-14T10:41:20.397-05:00  INFO 27888 --- [config-server] [           main] o.s.cloud.context.scope.GenericScope     : BeanFactory id=fb19e934-35ff-31e4-957d-e27e01e7e25d
2026-09-14T10:41:21.812-05:00  INFO 27888 --- [config-server] [           main] o.s.b.w.embedded.tomcat.TomcatWebServer  : Tomcat initialized with port 0 (http)
2026-09-14T10:41:21.901-05:00  INFO 27888 --- [config-server] [           main] o.apache.catalina.core.StandardService   : Starting service [Tomcat]
2026-09-14T10:41:21.901-05:00  INFO 27888 --- [config-server] [           main] o.apache.catalina.core.StandardEngine    : Starting Servlet engine: [Apache Tomcat/10.1.34]
2026-09-14T10:41:22.412-05:00  INFO 27888 --- [config-server] [           main] o.a.c.c.C.[Tomcat].[localhost].[/]       : Initializing Spring embedded WebApplicationContext
2026-09-14T10:41:22.415-05:00  INFO 27888 --- [config-server] [           main] w.s.c.ServletWebServerApplicationContext : Root WebApplicationContext: initialization completed in 6042 ms
2026-09-14T10:41:26.082-05:00  INFO 27888 --- [config-server] [           main] DiscoveryClientOptionalArgsConfiguration : Eureka HTTP Client uses RestTemplate.
2026-09-14T10:41:27.024-05:00  WARN 27888 --- [config-server] [           main] iguration$LoadBalancerCaffeineWarnLogger : Spring Cloud LoadBalancer is currently working with the default cache. While this cache implementation is useful for development and tests, it's recommended to use Caffeine cache in production.You can switch to using Caffeine cache, by adding it and org.springframework.cache.caffeine.CaffeineCacheManager to the classpath.
2026-09-14T10:41:27.054-05:00  INFO 27888 --- [config-server] [           main] o.s.b.a.e.web.EndpointLinksResolver      : Exposing 1 endpoint beneath base path '/actuator'
2026-09-14T10:41:27.811-05:00  INFO 27888 --- [config-server] [           main] o.s.b.w.embedded.tomcat.TomcatWebServer  : Tomcat started on port 50681 (http) with context path '/'
2026-09-14T10:41:27.890-05:00  INFO 27888 --- [config-server] [           main] c.b.c.ConfigServerApplicationTests       : Started ConfigServerApplicationTests in 13.122 seconds (process running for 15.707)
2026-09-14T10:41:31.080-05:00  INFO 27888 --- [config-server] [o-auto-1-exec-1] o.a.c.c.C.[Tomcat].[localhost].[/]       : Initializing Spring DispatcherServlet 'dispatcherServlet'
2026-09-14T10:41:31.080-05:00  INFO 27888 --- [config-server] [o-auto-1-exec-1] o.s.web.servlet.DispatcherServlet        : Initializing Servlet 'dispatcherServlet'
2026-09-14T10:41:31.083-05:00  INFO 27888 --- [config-server] [o-auto-1-exec-1] o.s.web.servlet.DispatcherServlet        : Completed initialization in 3 ms
2026-09-14T10:41:31.330-05:00  INFO 27888 --- [config-server] [o-auto-1-exec-1] o.s.c.c.s.e.NativeEnvironmentRepository  : Adding property source: Config resource 'class path resource [config-repo/ms-account.yml]' via location 'classpath:/config-repo/'
2026-09-14T10:41:31.332-05:00  INFO 27888 --- [config-server] [o-auto-1-exec-1] o.s.c.c.s.e.NativeEnvironmentRepository  : Adding property source: Config resource 'class path resource [config-repo/application.yml]' via location 'classpath:/config-repo/'
2026-09-14T10:41:32.032-05:00  INFO 27888 --- [config-server] [o-auto-1-exec-2] o.s.c.c.s.e.NativeEnvironmentRepository  : Adding property source: Config resource 'class path resource [config-repo/ms-wallet.yml]' via location 'classpath:/config-repo/'
2026-09-14T10:41:32.032-05:00  INFO 27888 --- [config-server] [o-auto-1-exec-2] o.s.c.c.s.e.NativeEnvironmentRepository  : Adding property source: Config resource 'class path resource [config-repo/application.yml]' via location 'classpath:/config-repo/'
2026-09-14T10:41:32.111-05:00  INFO 27888 --- [config-server] [o-auto-1-exec-3] o.s.c.c.s.e.NativeEnvironmentRepository  : Adding property source: Config resource 'class path resource [config-repo/ms-creditcard.yml]' via location 'classpath:/config-repo/'
2026-09-14T10:41:32.111-05:00  INFO 27888 --- [config-server] [o-auto-1-exec-3] o.s.c.c.s.e.NativeEnvironmentRepository  : Adding property source: Config resource 'class path resource [config-repo/application.yml]' via location 'classpath:/config-repo/'
2026-09-14T10:41:32.164-05:00  INFO 27888 --- [config-server] [o-auto-1-exec-4] o.s.c.c.s.e.NativeEnvironmentRepository  : Adding property source: Config resource 'class path resource [config-repo/ms-credit.yml]' via location 'classpath:/config-repo/'
2026-09-14T10:41:32.165-05:00  INFO 27888 --- [config-server] [o-auto-1-exec-4] o.s.c.c.s.e.NativeEnvironmentRepository  : Adding property source: Config resource 'class path resource [config-repo/application.yml]' via location 'classpath:/config-repo/'
2026-09-14T10:41:32.218-05:00  INFO 27888 --- [config-server] [o-auto-1-exec-5] o.s.c.c.s.e.NativeEnvironmentRepository  : Adding property source: Config resource 'class path resource [config-repo/ms-report.yml]' via location 'classpath:/config-repo/'
2026-09-14T10:41:32.218-05:00  INFO 27888 --- [config-server] [o-auto-1-exec-5] o.s.c.c.s.e.NativeEnvironmentRepository  : Adding property source: Config resource 'class path resource [config-repo/application.yml]' via location 'classpath:/config-repo/'
2026-09-14T10:41:32.295-05:00  INFO 27888 --- [config-server] [o-auto-1-exec-6] o.s.c.c.s.e.NativeEnvironmentRepository  : Adding property source: Config resource 'class path resource [config-repo/ms-debitcard.yml]' via location 'classpath:/config-repo/'
2026-09-14T10:41:32.295-05:00  INFO 27888 --- [config-server] [o-auto-1-exec-6] o.s.c.c.s.e.NativeEnvironmentRepository  : Adding property source: Config resource 'class path resource [config-repo/application.yml]' via location 'classpath:/config-repo/'
2026-09-14T10:41:32.368-05:00  INFO 27888 --- [config-server] [o-auto-1-exec-7] o.s.c.c.s.e.NativeEnvironmentRepository  : Adding property source: Config resource 'class path resource [config-repo/ms-customer.yml]' via location 'classpath:/config-repo/'
2026-09-14T10:41:32.368-05:00  INFO 27888 --- [config-server] [o-auto-1-exec-7] o.s.c.c.s.e.NativeEnvironmentRepository  : Adding property source: Config resource 'class path resource [config-repo/application.yml]' via location 'classpath:/config-repo/'
2026-09-14T10:41:32.415-05:00  INFO 27888 --- [config-server] [o-auto-1-exec-8] o.s.c.c.s.e.NativeEnvironmentRepository  : Adding property source: Config resource 'class path resource [config-repo/ms-debt.yml]' via location 'classpath:/config-repo/'
2026-09-14T10:41:32.416-05:00  INFO 27888 --- [config-server] [o-auto-1-exec-8] o.s.c.c.s.e.NativeEnvironmentRepository  : Adding property source: Config resource 'class path resource [config-repo/application.yml]' via location 'classpath:/config-repo/'
2026-09-14T10:41:32.468-05:00  INFO 27888 --- [config-server] [o-auto-1-exec-9] o.s.c.c.s.e.NativeEnvironmentRepository  : Adding property source: Config resource 'class path resource [config-repo/auth-service.yml]' via location 'classpath:/config-repo/'
2026-09-14T10:41:32.468-05:00  INFO 27888 --- [config-server] [o-auto-1-exec-9] o.s.c.c.s.e.NativeEnvironmentRepository  : Adding property source: Config resource 'class path resource [config-repo/application.yml]' via location 'classpath:/config-repo/'
]]></system-out>
    <system-err><![CDATA[Mockito is currently self-attaching to enable the inline-mock-maker. This will no longer work in future releases of the JDK. Please add Mockito as an agent to your build what is described in Mockito's documentation: https://javadoc.io/doc/org.mockito/mockito-core/latest/org/mockito/Mockito.html#0.3
WARNING: A Java agent has been loaded dynamically (C:\Users\jobenite\.m2\repository\net\bytebuddy\byte-buddy-agent\1.15.11\byte-buddy-agent-1.15.11.jar)
WARNING: If a serviceability tool is in use, please run with -XX:+EnableDynamicAgentLoading to hide this warning
WARNING: If a serviceability tool is not in use, please run with -Djdk.instrument.traceUsage for more information
WARNING: Dynamic loading of agents will be disallowed by default in a future release
]]></system-err>
  </testcase>
  <testcase name="contextLoads" classname="com.bank.configserver.ConfigServerApplicationTests" time="0.033"/>
  <testcase name="servesCommonProperties" classname="com.bank.configserver.ConfigServerApplicationTests" time="0.07">
    <system-out><![CDATA[2026-09-14T10:41:32.655-05:00  INFO 27888 --- [config-server] [-auto-1-exec-10] o.s.c.c.s.e.NativeEnvironmentRepository  : Adding property source: Config resource 'class path resource [config-repo/ms-customer.yml]' via location 'classpath:/config-repo/'
2026-09-14T10:41:32.655-05:00  INFO 27888 --- [config-server] [-auto-1-exec-10] o.s.c.c.s.e.NativeEnvironmentRepository  : Adding property source: Config resource 'class path resource [config-repo/application.yml]' via location 'classpath:/config-repo/'
]]></system-out>
  </testcase>
</testsuite>